0 info it worked if it ends with ok
1 verbose cli [ '/usr/bin/nodejs', '/usr/bin/npm', 'install', '-g', 'json' ]
2 info using npm@3.10.10
3 info using node@v7.3.0
4 silly loadCurrentTree Starting
5 silly install loadCurrentTree
6 silly install readGlobalPackageData
7 silly fetchPackageMetaData json
8 silly fetchNamedPackageData json
9 silly mapToRegistry name json
10 silly mapToRegistry using default registry
11 silly mapToRegistry registry https://registry.npmjs.org/
12 silly mapToRegistry data Result {
12 silly mapToRegistry   raw: 'json',
12 silly mapToRegistry   scope: null,
12 silly mapToRegistry   escapedName: 'json',
12 silly mapToRegistry   name: 'json',
12 silly mapToRegistry   rawSpec: '',
12 silly mapToRegistry   spec: 'latest',
12 silly mapToRegistry   type: 'tag' }
13 silly mapToRegistry uri https://registry.npmjs.org/json
14 verbose get https://registry.npmjs.org/json not expired, no request
15 silly install normalizeTree
16 silly loadCurrentTree Finishing
17 silly loadIdealTree Starting
18 silly install loadIdealTree
19 silly cloneCurrentTree Starting
20 silly install cloneCurrentTreeToIdealTree
21 silly cloneCurrentTree Finishing
22 silly loadShrinkwrap Starting
23 silly install loadShrinkwrap
24 silly loadShrinkwrap Finishing
25 silly loadAllDepsIntoIdealTree Starting
26 silly install loadAllDepsIntoIdealTree
27 silly resolveWithNewModule json@9.0.4 checking installable status
28 silly cache add args [ 'json', null ]
29 verbose cache add spec json
30 silly cache add parsed spec Result {
30 silly cache add   raw: 'json',
30 silly cache add   scope: null,
30 silly cache add   escapedName: 'json',
30 silly cache add   name: 'json',
30 silly cache add   rawSpec: '',
30 silly cache add   spec: 'latest',
30 silly cache add   type: 'tag' }
31 silly addNamed json@latest
32 verbose addNamed "latest" is being treated as a dist-tag for json
33 info addNameTag [ 'json', 'latest' ]
34 silly mapToRegistry name json
35 silly mapToRegistry using default registry
36 silly mapToRegistry registry https://registry.npmjs.org/
37 silly mapToRegistry data Result {
37 silly mapToRegistry   raw: 'json',
37 silly mapToRegistry   scope: null,
37 silly mapToRegistry   escapedName: 'json',
37 silly mapToRegistry   name: 'json',
37 silly mapToRegistry   rawSpec: '',
37 silly mapToRegistry   spec: 'latest',
37 silly mapToRegistry   type: 'tag' }
38 silly mapToRegistry uri https://registry.npmjs.org/json
39 verbose addNameTag registry:https://registry.npmjs.org/json not in flight; fetching
40 verbose get https://registry.npmjs.org/json not expired, no request
41 silly addNameTag next cb for json with tag latest
42 silly addNamed json@9.0.4
43 verbose addNamed "9.0.4" is a plain semver version for json
44 silly cache afterAdd json@9.0.4
45 verbose afterAdd /home/jerome/.npm/json/9.0.4/package/package.json not in flight; writing
46 verbose correctMkdir /home/jerome/.npm correctMkdir not in flight; initializing
47 verbose afterAdd /home/jerome/.npm/json/9.0.4/package/package.json written
48 silly loadAllDepsIntoIdealTree Finishing
49 silly loadIdealTree Finishing
50 silly currentTree lib
51 silly idealTree lib
51 silly idealTree └── json@9.0.4
52 silly generateActionsToTake Starting
53 silly install generateActionsToTake
54 warn checkPermissions Missing write access to /usr/lib/node_modules
55 silly rollbackFailedOptional Starting
56 silly rollbackFailedOptional Finishing
57 silly runTopLevelLifecycles Finishing
58 silly install printInstalled
59 verbose stack Error: EACCES: permission denied, access '/usr/lib/node_modules'
60 verbose cwd /home/jerome/Documents/Simplon/Git/mini-crm
61 error Linux 4.4.0-57-generic
62 error argv "/usr/bin/nodejs" "/usr/bin/npm" "install" "-g" "json"
63 error node v7.3.0
64 error npm  v3.10.10
65 error path /usr/lib/node_modules
66 error code EACCES
67 error errno -13
68 error syscall access
69 error Error: EACCES: permission denied, access '/usr/lib/node_modules'
69 error  { Error: EACCES: permission denied, access '/usr/lib/node_modules'
69 error   errno: -13,
69 error   code: 'EACCES',
69 error   syscall: 'access',
69 error   path: '/usr/lib/node_modules' }
70 error Please try running this command again as root/Administrator.
71 verbose exit [ -13, true ]
